Performing C++ SOURCE FILE Test CXX_COMPILER_SUPPORTS__Wundefined_reinterpret_cast failed with the following output:
Change Dir: /home/atraore/gpi/try_gpi/Reduce/build_dir/CMakeFiles/CMakeTmp

Run Build Command(s):/usr/bin/gmake -f Makefile cmTC_df86f/fast && /usr/bin/gmake  -f CMakeFiles/cmTC_df86f.dir/build.make CMakeFiles/cmTC_df86f.dir/build
gmake[1]: Entering directory '/home/atraore/gpi/try_gpi/Reduce/build_dir/CMakeFiles/CMakeTmp'
Building CXX object CMakeFiles/cmTC_df86f.dir/src.cxx.o
/usr/bin/c++ -DCXX_COMPILER_SUPPORTS__Wundefined_reinterpret_cast  -Wall -Wextra -Werror    -Wundefined-reinterpret-cast -std=gnu++17 -o CMakeFiles/cmTC_df86f.dir/src.cxx.o -c /home/atraore/gpi/try_gpi/Reduce/build_dir/CMakeFiles/CMakeTmp/src.cxx
c++: error: unrecognized command-line option '-Wundefined-reinterpret-cast'
gmake[1]: *** [CMakeFiles/cmTC_df86f.dir/build.make:78: CMakeFiles/cmTC_df86f.dir/src.cxx.o] Error 1
gmake[1]: Leaving directory '/home/atraore/gpi/try_gpi/Reduce/build_dir/CMakeFiles/CMakeTmp'
gmake: *** [Makefile:127: cmTC_df86f/fast] Error 2


Source file was:
int main() { return 0; }
Performing C++ SOURCE FILE Test CXX_COMPILER_SUPPORTS__Wextra_semi_stmt failed with the following output:
Change Dir: /home/atraore/gpi/try_gpi/Reduce/build_dir/CMakeFiles/CMakeTmp

Run Build Command(s):/usr/bin/gmake -f Makefile cmTC_3f9fa/fast && /usr/bin/gmake  -f CMakeFiles/cmTC_3f9fa.dir/build.make CMakeFiles/cmTC_3f9fa.dir/build
gmake[1]: Entering directory '/home/atraore/gpi/try_gpi/Reduce/build_dir/CMakeFiles/CMakeTmp'
Building CXX object CMakeFiles/cmTC_3f9fa.dir/src.cxx.o
/usr/bin/c++ -DCXX_COMPILER_SUPPORTS__Wextra_semi_stmt  -Wall -Wextra -Werror    -Wextra-semi-stmt -std=gnu++17 -o CMakeFiles/cmTC_3f9fa.dir/src.cxx.o -c /home/atraore/gpi/try_gpi/Reduce/build_dir/CMakeFiles/CMakeTmp/src.cxx
c++: error: unrecognized command-line option '-Wextra-semi-stmt'; did you mean '-Wextra-semi'?
gmake[1]: *** [CMakeFiles/cmTC_3f9fa.dir/build.make:78: CMakeFiles/cmTC_3f9fa.dir/src.cxx.o] Error 1
gmake[1]: Leaving directory '/home/atraore/gpi/try_gpi/Reduce/build_dir/CMakeFiles/CMakeTmp'
gmake: *** [Makefile:127: cmTC_3f9fa/fast] Error 2


Source file was:
int main() { return 0; }
